<?xml version="1.0" encoding="UTF-8"?>
<coverage generated="1769532790908" clover="3.2.0">
  <project timestamp="1769532790908" name="All files">
    <metrics statements="32" coveredstatements="32" conditionals="24" coveredconditionals="22" methods="5" coveredmethods="5" elements="61" coveredelements="59" complexity="0" loc="32" ncloc="32" packages="1" files="1" classes="1"/>
    <file name="1laba.js" path="D:\1education\атбп\1laba.js">
      <metrics statements="32" coveredstatements="32" conditionals="24" coveredconditionals="22" methods="5" coveredmethods="5"/>
      <line num="2" count="15" type="stmt"/>
      <line num="4" count="15" type="cond" truecount="2" falsecount="0"/>
      <line num="5" count="2" type="stmt"/>
      <line num="8" count="13" type="stmt"/>
      <line num="10" count="9" type="cond" truecount="2" falsecount="0"/>
      <line num="11" count="2" type="stmt"/>
      <line num="14" count="7" type="stmt"/>
      <line num="15" count="7" type="stmt"/>
      <line num="16" count="7" type="stmt"/>
      <line num="18" count="7" type="stmt"/>
      <line num="19" count="7" type="stmt"/>
      <line num="21" count="7" type="stmt"/>
      <line num="25" count="13" type="stmt"/>
      <line num="27" count="13" type="cond" truecount="2" falsecount="0"/>
      <line num="28" count="2" type="stmt"/>
      <line num="31" count="11" type="stmt"/>
      <line num="32" count="11" type="stmt"/>
      <line num="33" count="11" type="stmt"/>
      <line num="35" count="11" type="cond" truecount="5" falsecount="0"/>
      <line num="36" count="2" type="stmt"/>
      <line num="39" count="9" type="stmt"/>
      <line num="43" count="7" type="stmt"/>
      <line num="46" count="1" type="stmt"/>
      <line num="61" count="1" type="stmt"/>
      <line num="77" count="9" type="cond" truecount="2" falsecount="0"/>
      <line num="78" count="8" type="cond" truecount="3" falsecount="1"/>
      <line num="79" count="8" type="cond" truecount="1" falsecount="1"/>
      <line num="81" count="8" type="stmt"/>
      <line num="86" count="15" type="cond" truecount="3" falsecount="0"/>
      <line num="88" count="15" type="stmt"/>
      <line num="103" count="15" type="stmt"/>
      <line num="106" count="1" type="stmt"/>
    </file>
  </project>
</coverage>
