<?xml version="1.0" encoding="UTF-8"?>
<coverage generated="1770723049985" clover="3.2.0">
  <project timestamp="1770723049986" name="All files">
    <metrics statements="41" coveredstatements="41" conditionals="30" coveredconditionals="30" methods="6" coveredmethods="6" elements="77" coveredelements="77" complexity="0" loc="41" ncloc="41" packages="1" files="1" classes="1"/>
    <file name="1laba.js" path="D:\1education\атбп\1laba.js">
      <metrics statements="41" coveredstatements="41" conditionals="30" coveredconditionals="30" methods="6" coveredmethods="6"/>
      <line num="1" count="1" type="stmt"/>
      <line num="4" count="16" type="stmt"/>
      <line num="6" count="16" type="cond" truecount="2" falsecount="0"/>
      <line num="7" count="2" type="stmt"/>
      <line num="10" count="14" type="stmt"/>
      <line num="12" count="10" type="cond" truecount="2" falsecount="0"/>
      <line num="13" count="2" type="stmt"/>
      <line num="16" count="8" type="stmt"/>
      <line num="17" count="8" type="stmt"/>
      <line num="18" count="8" type="stmt"/>
      <line num="20" count="8" type="stmt"/>
      <line num="21" count="8" type="stmt"/>
      <line num="23" count="8" type="stmt"/>
      <line num="31" count="7" type="stmt"/>
      <line num="33" count="6" type="cond" truecount="2" falsecount="0"/>
      <line num="34" count="2" type="stmt"/>
      <line num="37" count="4" type="cond" truecount="2" falsecount="0"/>
      <line num="38" count="2" type="stmt"/>
      <line num="41" count="2" type="cond" truecount="2" falsecount="0"/>
      <line num="42" count="1" type="stmt"/>
      <line num="45" count="1" type="stmt"/>
      <line num="49" count="14" type="stmt"/>
      <line num="51" count="14" type="cond" truecount="2" falsecount="0"/>
      <line num="52" count="2" type="stmt"/>
      <line num="55" count="12" type="stmt"/>
      <line num="56" count="12" type="stmt"/>
      <line num="57" count="12" type="stmt"/>
      <line num="59" count="12" type="cond" truecount="5" falsecount="0"/>
      <line num="60" count="2" type="stmt"/>
      <line num="63" count="10" type="stmt"/>
      <line num="67" count="8" type="stmt"/>
      <line num="71" count="16" type="cond" truecount="2" falsecount="0"/>
      <line num="72" count="15" type="cond" truecount="4" falsecount="0"/>
      <line num="73" count="11" type="cond" truecount="2" falsecount="0"/>
      <line num="75" count="9" type="stmt"/>
      <line num="80" count="17" type="cond" truecount="3" falsecount="0"/>
      <line num="82" count="17" type="stmt"/>
      <line num="97" count="17" type="stmt"/>
      <line num="100" count="1" type="stmt"/>
      <line num="115" count="1" type="stmt"/>
      <line num="130" count="1" type="stmt"/>
    </file>
  </project>
</coverage>
