{"D:\\1education\\атбп\\1laba.js": {"path":"D:\\1education\\атбп\\1laba.js","statementMap":{"0":{"start":{"line":2,"column":27},"end":{"line":2,"column":40}},"1":{"start":{"line":4,"column":2},"end":{"line":6,"column":3}},"2":{"start":{"line":5,"column":4},"end":{"line":5,"column":58}},"3":{"start":{"line":8,"column":31},"end":{"line":8,"column":61}},"4":{"start":{"line":10,"column":2},"end":{"line":12,"column":3}},"5":{"start":{"line":11,"column":4},"end":{"line":11,"column":48}},"6":{"start":{"line":14,"column":22},"end":{"line":14,"column":62}},"7":{"start":{"line":15,"column":18},"end":{"line":15,"column":46}},"8":{"start":{"line":16,"column":19},"end":{"line":16,"column":41}},"9":{"start":{"line":18,"column":28},"end":{"line":18,"column":61}},"10":{"start":{"line":19,"column":17},"end":{"line":19,"column":49}},"11":{"start":{"line":21,"column":2},"end":{"line":21,"column":54}},"12":{"start":{"line":25,"column":16},"end":{"line":25,"column":57}},"13":{"start":{"line":27,"column":2},"end":{"line":29,"column":3}},"14":{"start":{"line":28,"column":4},"end":{"line":28,"column":44}},"15":{"start":{"line":31,"column":14},"end":{"line":31,"column":30}},"16":{"start":{"line":32,"column":16},"end":{"line":32,"column":32}},"17":{"start":{"line":33,"column":15},"end":{"line":33,"column":31}},"18":{"start":{"line":35,"column":2},"end":{"line":37,"column":3}},"19":{"start":{"line":36,"column":4},"end":{"line":36,"column":50}},"20":{"start":{"line":39,"column":2},"end":{"line":39,"column":30}},"21":{"start":{"line":43,"column":2},"end":{"line":43,"column":57}},"22":{"start":{"line":46,"column":15},"end":{"line":59,"column":1}},"23":{"start":{"line":61,"column":29},"end":{"line":74,"column":1}},"24":{"start":{"line":77,"column":2},"end":{"line":77,"column":29}},"25":{"start":{"line":77,"column":16},"end":{"line":77,"column":29}},"26":{"start":{"line":78,"column":2},"end":{"line":78,"column":44}},"27":{"start":{"line":78,"column":31},"end":{"line":78,"column":44}},"28":{"start":{"line":79,"column":2},"end":{"line":79,"column":28}},"29":{"start":{"line":79,"column":15},"end":{"line":79,"column":28}},"30":{"start":{"line":81,"column":2},"end":{"line":81,"column":44}},"31":{"start":{"line":86,"column":4},"end":{"line":86,"column":60}},"32":{"start":{"line":88,"column":23},"end":{"line":101,"column":3}},"33":{"start":{"line":103,"column":2},"end":{"line":103,"column":33}},"34":{"start":{"line":106,"column":0},"end":{"line":108,"column":2}}},"fnMap":{"0":{"name":"calculateSubscriptionEndDate","decl":{"start":{"line":1,"column":9},"end":{"line":1,"column":37}},"loc":{"start":{"line":1,"column":68},"end":{"line":22,"column":1}},"line":1},"1":{"name":"parseRussianDate","decl":{"start":{"line":24,"column":9},"end":{"line":24,"column":25}},"loc":{"start":{"line":24,"column":35},"end":{"line":40,"column":1}},"line":24},"2":{"name":"formatRussianDate","decl":{"start":{"line":42,"column":9},"end":{"line":42,"column":26}},"loc":{"start":{"line":42,"column":45},"end":{"line":44,"column":1}},"line":42},"3":{"name":"isValidDate","decl":{"start":{"line":76,"column":9},"end":{"line":76,"column":20}},"loc":{"start":{"line":76,"column":39},"end":{"line":82,"column":1}},"line":76},"4":{"name":"getDaysInMonth","decl":{"start":{"line":84,"column":9},"end":{"line":84,"column":23}},"loc":{"start":{"line":84,"column":37},"end":{"line":104,"column":1}},"line":84}},"branchMap":{"0":{"loc":{"start":{"line":4,"column":2},"end":{"line":6,"column":3}},"type":"if","locations":[{"start":{"line":4,"column":2},"end":{"line":6,"column":3}},{"start":{},"end":{}}],"line":4},"1":{"loc":{"start":{"line":10,"column":2},"end":{"line":12,"column":3}},"type":"if","locations":[{"start":{"line":10,"column":2},"end":{"line":12,"column":3}},{"start":{},"end":{}}],"line":10},"2":{"loc":{"start":{"line":27,"column":2},"end":{"line":29,"column":3}},"type":"if","locations":[{"start":{"line":27,"column":2},"end":{"line":29,"column":3}},{"start":{},"end":{}}],"line":27},"3":{"loc":{"start":{"line":35,"column":2},"end":{"line":37,"column":3}},"type":"if","locations":[{"start":{"line":35,"column":2},"end":{"line":37,"column":3}},{"start":{},"end":{}}],"line":35},"4":{"loc":{"start":{"line":35,"column":6},"end":{"line":35,"column":29}},"type":"binary-expr","locations":[{"start":{"line":35,"column":6},"end":{"line":35,"column":10}},{"start":{"line":35,"column":14},"end":{"line":35,"column":20}},{"start":{"line":35,"column":24},"end":{"line":35,"column":29}}],"line":35},"5":{"loc":{"start":{"line":77,"column":2},"end":{"line":77,"column":29}},"type":"if","locations":[{"start":{"line":77,"column":2},"end":{"line":77,"column":29}},{"start":{},"end":{}}],"line":77},"6":{"loc":{"start":{"line":78,"column":2},"end":{"line":78,"column":44}},"type":"if","locations":[{"start":{"line":78,"column":2},"end":{"line":78,"column":44}},{"start":{},"end":{}}],"line":78},"7":{"loc":{"start":{"line":78,"column":6},"end":{"line":78,"column":29}},"type":"binary-expr","locations":[{"start":{"line":78,"column":6},"end":{"line":78,"column":15}},{"start":{"line":78,"column":19},"end":{"line":78,"column":29}}],"line":78},"8":{"loc":{"start":{"line":79,"column":2},"end":{"line":79,"column":28}},"type":"if","locations":[{"start":{"line":79,"column":2},"end":{"line":79,"column":28}},{"start":{},"end":{}}],"line":79},"9":{"loc":{"start":{"line":86,"column":4},"end":{"line":86,"column":60}},"type":"binary-expr","locations":[{"start":{"line":86,"column":5},"end":{"line":86,"column":19}},{"start":{"line":86,"column":23},"end":{"line":86,"column":39}},{"start":{"line":86,"column":44},"end":{"line":86,"column":60}}],"line":86},"10":{"loc":{"start":{"line":90,"column":4},"end":{"line":90,"column":24}},"type":"cond-expr","locations":[{"start":{"line":90,"column":17},"end":{"line":90,"column":19}},{"start":{"line":90,"column":22},"end":{"line":90,"column":24}}],"line":90}},"s":{"0":15,"1":15,"2":2,"3":13,"4":9,"5":2,"6":7,"7":7,"8":7,"9":7,"10":7,"11":7,"12":13,"13":13,"14":2,"15":11,"16":11,"17":11,"18":11,"19":2,"20":9,"21":7,"22":1,"23":1,"24":9,"25":1,"26":8,"27":0,"28":8,"29":0,"30":8,"31":15,"32":15,"33":15,"34":1},"f":{"0":15,"1":13,"2":7,"3":9,"4":15},"b":{"0":[2,13],"1":[2,7],"2":[2,11],"3":[2,9],"4":[11,10,9],"5":[1,8],"6":[0,8],"7":[8,8],"8":[0,8],"9":[15,7,8],"10":[7,8]},"_coverageSchema":"1a1c01bbd47fc00a2c39e90264f33305004495a9","hash":"cee1577328ab16a87bcef057c582c1dd9d7a0b83"}
}
