TN:
SF:1laba.js
FN:1,calculateSubscriptionEndDate
FN:24,parseRussianDate
FN:42,formatRussianDate
FN:76,isValidDate
FN:84,getDaysInMonth
FNF:5
FNH:5
FNDA:15,calculateSubscriptionEndDate
FNDA:13,parseRussianDate
FNDA:7,formatRussianDate
FNDA:9,isValidDate
FNDA:15,getDaysInMonth
DA:2,15
DA:4,15
DA:5,2
DA:8,13
DA:10,9
DA:11,2
DA:14,7
DA:15,7
DA:16,7
DA:18,7
DA:19,7
DA:21,7
DA:25,13
DA:27,13
DA:28,2
DA:31,11
DA:32,11
DA:33,11
DA:35,11
DA:36,2
DA:39,9
DA:43,7
DA:46,1
DA:61,1
DA:77,9
DA:78,8
DA:79,8
DA:81,8
DA:86,15
DA:88,15
DA:103,15
DA:106,1
LF:32
LH:32
BRDA:4,0,0,2
BRDA:4,0,1,13
BRDA:10,1,0,2
BRDA:10,1,1,7
BRDA:27,2,0,2
BRDA:27,2,1,11
BRDA:35,3,0,2
BRDA:35,3,1,9
BRDA:35,4,0,11
BRDA:35,4,1,10
BRDA:35,4,2,9
BRDA:77,5,0,1
BRDA:77,5,1,8
BRDA:78,6,0,0
BRDA:78,6,1,8
BRDA:78,7,0,8
BRDA:78,7,1,8
BRDA:79,8,0,0
BRDA:79,8,1,8
BRDA:86,9,0,15
BRDA:86,9,1,7
BRDA:86,9,2,8
BRDA:90,10,0,7
BRDA:90,10,1,8
BRF:24
BRH:22
end_of_record
