TN:
SF:1laba.js
FN:3,calculateSubscriptionEndDate
FN:26,calculateSubscriptionWithPayment
FN:48,parseRussianDate
FN:66,formatRussianDate
FN:70,isValidDate
FN:78,getDaysInMonth
FNF:6
FNH:6
FNDA:16,calculateSubscriptionEndDate
FNDA:7,calculateSubscriptionWithPayment
FNDA:14,parseRussianDate
FNDA:8,formatRussianDate
FNDA:16,isValidDate
FNDA:17,getDaysInMonth
DA:1,1
DA:4,16
DA:6,16
DA:7,2
DA:10,14
DA:12,10
DA:13,2
DA:16,8
DA:17,8
DA:18,8
DA:20,8
DA:21,8
DA:23,8
DA:31,7
DA:33,6
DA:34,2
DA:37,4
DA:38,2
DA:41,2
DA:42,1
DA:45,1
DA:49,14
DA:51,14
DA:52,2
DA:55,12
DA:56,12
DA:57,12
DA:59,12
DA:60,2
DA:63,10
DA:67,8
DA:71,16
DA:72,15
DA:73,11
DA:75,9
DA:80,17
DA:82,17
DA:97,17
DA:100,1
DA:115,1
DA:130,1
LF:41
LH:41
BRDA:6,0,0,2
BRDA:6,0,1,14
BRDA:12,1,0,2
BRDA:12,1,1,8
BRDA:33,2,0,2
BRDA:33,2,1,4
BRDA:37,3,0,2
BRDA:37,3,1,2
BRDA:41,4,0,1
BRDA:41,4,1,1
BRDA:51,5,0,2
BRDA:51,5,1,12
BRDA:59,6,0,2
BRDA:59,6,1,10
BRDA:59,7,0,12
BRDA:59,7,1,11
BRDA:59,7,2,10
BRDA:71,8,0,1
BRDA:71,8,1,15
BRDA:72,9,0,4
BRDA:72,9,1,11
BRDA:72,10,0,15
BRDA:72,10,1,13
BRDA:73,11,0,2
BRDA:73,11,1,9
BRDA:80,12,0,17
BRDA:80,12,1,7
BRDA:80,12,2,10
BRDA:84,13,0,7
BRDA:84,13,1,10
BRF:30
BRH:30
end_of_record
